<?xml version="1.0" encoding="UTF-8"?>
<!-- Generated by org.testng.reporters.JUnitReportReporter -->
<testsuite hostname="LAPTOP-1CD8ER7O" failures="0" tests="1" name="cookies.HandleCookiesFlipkart" time="6.726" errors="0" timestamp="2023-09-12T00:21:19 IST" skipped="0">
  <testcase classname="cookies.HandleCookiesFlipkart" name="HnadleCookies" time="6.726"/>
</testsuite> <!-- cookies.HandleCookiesFlipkart -->
