<?xml version="1.0" encoding="UTF-8"?>
<!-- Generated by org.testng.reporters.JUnitReportReporter -->
<testsuite hostname="LAPTOP-1CD8ER7O" failures="0" tests="1" name="endToEnd.OptionalAnnotation" time="19.582" errors="0" timestamp="2023-09-12T18:09:47 IST" skipped="0">
  <testcase classname="endToEnd.OptionalAnnotation" name="loginTOActitime" time="19.582"/>
</testsuite> <!-- endToEnd.OptionalAnnotation -->
