<?xml version="1.0" encoding="UTF-8"?>
<!-- Generated by org.testng.reporters.JUnitReportReporter -->
<testsuite hostname="LAPTOP-1CD8ER7O" failures="0" tests="1" name="cookies.HandleCookies" time="6.339" errors="0" timestamp="2023-09-11T23:58:35 IST" skipped="0">
  <testcase classname="cookies.HandleCookies" name="handleCookies" time="6.339"/>
</testsuite> <!-- cookies.HandleCookies -->
